
================================================================
======== Log Rotated - 6/22/2022, 12:00:00 AM                   
================================================================
[12:03:17 AM] [Xh6tC#6] julhio86: disconnected (Exiting)
[12:25:21 AM] [Xh6tC#4] Guaxxxii: said "/status"
[12:26:40 AM] [Xh6tC#4] Guaxxxii: disconnected (Exiting)
[1:53:41 AM] [Xh6tC#7] LiPe21XT: joined with identifiers [steam:110000146afc5bb; license:6b139dab0069abedda6ecf03207c45c133a719bb; xbl:2535435738180057; live:1055519018240871; discord:678710663497121832; fivem:2452155; license2:6b139dab0069abedda6ecf03207c45c133a719bb]
[1:58:50 AM] [Xh6tC#7] LiPe21XT: said "/encostado"
[2:01:28 AM] [Xh6tC#7] LiPe21XT: disconnected (Exiting)
[2:09:08 AM] [Xh6tC#8] Wvzin777: joined with identifiers [steam:110000136d8a462; license:2a717c776a0eabaece1db26314f8a213ac04fb12; xbl:2535432170106038; live:914798660334927; discord:516796503449272320; license2:0f5ea97fe46912424957766cf17b7b56845fa44b]
[2:12:08 AM] [Xh6tC#8] Wvzin777: disconnected (Server->client connection timed out. Last seen 34830 msec ago.)
[2:14:39 AM] [Xh6tC#9] LiPe21XT: joined with identifiers [steam:110000146afc5bb; license:6b139dab0069abedda6ecf03207c45c133a719bb; xbl:2535435738180057; live:1055519018240871; discord:678710663497121832; fivem:2452155; license2:6b139dab0069abedda6ecf03207c45c133a719bb]
[2:17:38 AM] [Xh6tC#9] LiPe21XT: said "/nv"
[2:18:45 AM] [Xh6tC#10] Wvzin777: joined with identifiers [steam:110000136d8a462; license:2a717c776a0eabaece1db26314f8a213ac04fb12; xbl:2535432170106038; live:914798660334927; discord:516796503449272320; license2:0f5ea97fe46912424957766cf17b7b56845fa44b]
[2:19:30 AM] [Xh6tC#11] ~ Victor: joined with identifiers [steam:11000013ee49f8b; license:64582118c69301c86e4f3316c292bbd6696c7223; xbl:2535462324234941; live:1899947498068013; discord:302958294496968704; license2:12d75c95433a1036c72b3ea66962f5c8d53f1051]
[2:30:49 AM] [Xh6tC#10] Wvzin777: said "/gof"
[2:31:56 AM] [Xh6tC#10] Wvzin777: said "/fic"
[2:34:46 AM] [Xh6tC#10] Wvzin777: said "/fic"
[2:38:12 AM] [Xh6tC#10] Wvzin777: said "/fic"
[2:38:14 AM] [Xh6tC#10] Wvzin777: said "/fic"
[2:43:14 AM] [Xh6tC#10] Wvzin777: said "/fixa"
[2:44:21 AM] [Xh6tC#10] Wvzin777: said "/fixa"
[2:52:45 AM] [Xh6tC#10] Wvzin777: said "/fic"
[2:52:50 AM] [Xh6tC#10] Wvzin777: said "/fic"
[2:56:03 AM] [Xh6tC#10] Wvzin777: said "/nc["
[3:03:30 AM] [Xh6tC#9] LiPe21XT: disconnected (Exiting)
[3:04:19 AM] [Xh6tC#10] Wvzin777: said "/d"
[3:04:32 AM] [Xh6tC#10] Wvzin777: disconnected (Exiting)
[3:04:47 AM] [Xh6tC#11] ~ Victor: disconnected (Server->client connection timed out. Last seen 40146 msec ago.)
[1:48:50 PM] [Xh6tC#12] cthaynison: joined with identifiers [steam:110000134a9e336; license:37ab1e70598aaeed35877f7ad11bec9e193a12ee; xbl:2535446537622485; live:1829578843476666; discord:302921790185799682; license2:37ab1e70598aaeed35877f7ad11bec9e193a12ee]
[2:00:55 PM] [Xh6tC#12] cthaynison: said "/refrehs"
[2:19:05 PM] [Xh6tC#12] cthaynison: said "/nca"
[2:33:51 PM] [Xh6tC#12] cthaynison: disconnected (Couldn't load resource vrp_drivernorte: Couldn't load resource vrp_drivernorte from resources:/vrp_d)
[2:34:36 PM] txAdmin: Logger started
[2:35:35 PM] [8U7Hx#1] cthaynison: joined with identifiers [steam:110000134a9e336; license:37ab1e70598aaeed35877f7ad11bec9e193a12ee; xbl:2535446537622485; live:1829578843476666; discord:302921790185799682; license2:37ab1e70598aaeed35877f7ad11bec9e193a12ee]
[3:06:45 PM] [8U7Hx#1] cthaynison: said "/motorista"
[3:06:47 PM] [8U7Hx#1] cthaynison: said "/motorista"
[3:42:46 PM] [8U7Hx#1] cthaynison: disconnected (Game crashed: GTA5_b2612.exe!sub_14053C6CC (0x4ad))
[3:43:36 PM] txAdmin: Logger started
[3:44:02 PM] [QK7qn#1] cthaynison: joined with identifiers [steam:110000134a9e336; license:37ab1e70598aaeed35877f7ad11bec9e193a12ee; xbl:2535446537622485; live:1829578843476666; discord:302921790185799682; license2:37ab1e70598aaeed35877f7ad11bec9e193a12ee]
[3:47:42 PM] [QK7qn#1] cthaynison: said "/d"
[3:55:59 PM] [QK7qn#1] cthaynison: said "/goof"
[3:59:55 PM] [QK7qn#1] cthaynison: disconnected (Exiting)
[5:21:31 PM] [QK7qn#2] cthaynison: joined with identifiers [steam:110000134a9e336; license:37ab1e70598aaeed35877f7ad11bec9e193a12ee; xbl:2535446537622485; live:1829578843476666; discord:302921790185799682; license2:37ab1e70598aaeed35877f7ad11bec9e193a12ee]
[5:36:05 PM] [QK7qn#2] cthaynison: said "/corolacoruja"
[5:38:29 PM] [QK7qn#2] cthaynison: said "/qui"
[5:38:31 PM] [QK7qn#2] cthaynison: disconnected (Exiting)
[5:39:11 PM] txAdmin: Logger started
[5:40:05 PM] [qCfwh#1] cthaynison: joined with identifiers [steam:110000134a9e336; license:37ab1e70598aaeed35877f7ad11bec9e193a12ee; xbl:2535446537622485; live:1829578843476666; discord:302921790185799682; license2:37ab1e70598aaeed35877f7ad11bec9e193a12ee]
[5:42:38 PM] [qCfwh#1] cthaynison: said "/tunin"
[5:47:57 PM] [qCfwh#1] cthaynison: disconnected (Exiting)
[5:49:00 PM] txAdmin: Logger started
[5:49:57 PM] [wFTky#1] cthaynison: joined with identifiers [steam:110000134a9e336; license:37ab1e70598aaeed35877f7ad11bec9e193a12ee; xbl:2535446537622485; live:1829578843476666; discord:302921790185799682; license2:37ab1e70598aaeed35877f7ad11bec9e193a12ee]
[5:53:55 PM] [wFTky#1] cthaynison: said "/addcar primo 5"
[5:53:56 PM] [wFTky#1] cthaynison: said "/addcanc"
[6:10:47 PM] [wFTky#1] cthaynison: said "/ix"
[6:11:48 PM] [wFTky#1] cthaynison: said "/quot"
[6:11:49 PM] [wFTky#1] cthaynison: said "/qui"
[6:11:52 PM] [wFTky#1] cthaynison: disconnected (Exiting)
[6:52:43 PM] [wFTky#2] LiPe21XT: joined with identifiers [steam:110000146afc5bb; license:6b139dab0069abedda6ecf03207c45c133a719bb; xbl:2535435738180057; live:1055519018240871; discord:678710663497121832; fivem:2452155; license2:6b139dab0069abedda6ecf03207c45c133a719bb]
[7:00:29 PM] [wFTky#2] LiPe21XT: disconnected (Exiting)
[7:07:03 PM] [wFTky#3] LiPe21XT: joined with identifiers [steam:110000146afc5bb; license:6b139dab0069abedda6ecf03207c45c133a719bb; xbl:2535435738180057; live:1055519018240871; discord:678710663497121832; fivem:2452155; license2:6b139dab0069abedda6ecf03207c45c133a719bb]
[7:09:23 PM] [wFTky#3] LiPe21XT: disconnected (Exiting)
[7:10:18 PM] [wFTky#4] LiPe21XT: joined with identifiers [steam:110000146afc5bb; license:6b139dab0069abedda6ecf03207c45c133a719bb; xbl:2535435738180057; live:1055519018240871; discord:678710663497121832; fivem:2452155; license2:6b139dab0069abedda6ecf03207c45c133a719bb]
[7:12:16 PM] [wFTky#4] LiPe21XT: disconnected (Exiting)
[7:12:48 PM] [wFTky#5] LiPe21XT: joined with identifiers [steam:110000146afc5bb; license:6b139dab0069abedda6ecf03207c45c133a719bb; xbl:2535435738180057; live:1055519018240871; discord:678710663497121832; fivem:2452155; license2:6b139dab0069abedda6ecf03207c45c133a719bb]
[7:22:40 PM] [wFTky#5] LiPe21XT: disconnected (Exiting)
[7:23:06 PM] [wFTky#6] LiPe21XT: joined with identifiers [steam:110000146afc5bb; license:6b139dab0069abedda6ecf03207c45c133a719bb; xbl:2535435738180057; live:1055519018240871; discord:678710663497121832; fivem:2452155; license2:6b139dab0069abedda6ecf03207c45c133a719bb]
[7:38:10 PM] [wFTky#7] *verdadeirapinacosta$: joined with identifiers [steam:11000014a8f10af; license:b623d06bbdb63c8cb95626ff9c9f9c852ee8a51c; xbl:2535468140615527; live:985153835471195; discord:415310155673239565; license2:83f6e40d0202e3162932578c3f0f7598785a73f5]
[7:57:53 PM] [wFTky#6] LiPe21XT: said "/wtf"
[8:26:09 PM] [wFTky#8] Ghost: joined with identifiers [steam:11000010b55307f; license:fdc00e8eae2c1c097946e8882e5a0266f8dd0abb; xbl:2533275021692626; live:844428383880324; discord:591796209417715713; fivem:3399354; license2:2c62392f6274d372bfc9ef73a38764e4bce8a59f]
[8:26:19 PM] [wFTky#8] Ghost: disconnected (Exiting)
[8:30:12 PM] [wFTky#9] Ghost: joined with identifiers [steam:11000010b55307f; license:fdc00e8eae2c1c097946e8882e5a0266f8dd0abb; xbl:2533275021692626; live:844428383880324; discord:591796209417715713; fivem:3399354; license2:2c62392f6274d372bfc9ef73a38764e4bce8a59f]
[8:38:12 PM] [wFTky#9] Ghost: said "/v 100"
[8:38:30 PM] [wFTky#6] LiPe21XT: said "/seat1"
[8:38:45 PM] [wFTky#9] Ghost: said "/mmalas"
[8:38:46 PM] [wFTky#9] Ghost: said "/malas"
[8:40:57 PM] [wFTky#6] LiPe21XT: disconnected (Server->client connection timed out. Last seen 38241 msec ago.)
[8:43:14 PM] [wFTky#10] LiPe21XT: joined with identifiers [steam:110000146afc5bb; license:6b139dab0069abedda6ecf03207c45c133a719bb; xbl:2535435738180057; live:1055519018240871; discord:678710663497121832; fivem:2452155; license2:6b139dab0069abedda6ecf03207c45c133a719bb]
[8:45:37 PM] [wFTky#9] Ghost: disconnected (Server->client connection timed out. Last seen 32710 msec ago.)
[8:49:09 PM] [wFTky#11] Ghost: joined with identifiers [steam:11000010b55307f; license:fdc00e8eae2c1c097946e8882e5a0266f8dd0abb; xbl:2533275021692626; live:844428383880324; discord:591796209417715713; fivem:3399354; license2:2c62392f6274d372bfc9ef73a38764e4bce8a59f]
[9:02:27 PM] [wFTky#10] LiPe21XT: said "/seat1"
[9:02:28 PM] [wFTky#10] LiPe21XT: said "/seat12"
[9:02:30 PM] [wFTky#10] LiPe21XT: said "/seat2"
[9:03:19 PM] [wFTky#10] LiPe21XT: said "/door"
[9:10:30 PM] [wFTky#11] Ghost: triggered drunk effect on [#7] *verdadeirapinacosta$
[9:11:29 PM] [wFTky#12] Wvzin777: joined with identifiers [steam:110000136d8a462; license:2a717c776a0eabaece1db26314f8a213ac04fb12; xbl:2535432170106038; live:914798660334927; discord:516796503449272320; license2:0f5ea97fe46912424957766cf17b7b56845fa44b]
[9:15:08 PM] [wFTky#12] Wvzin777: disconnected (Exiting)
[9:15:46 PM] [wFTky#10] LiPe21XT: said "/whud"
[9:16:53 PM] [wFTky#13] Wvzin777: joined with identifiers [steam:110000136d8a462; license:2a717c776a0eabaece1db26314f8a213ac04fb12; xbl:2535432170106038; live:914798660334927; discord:516796503449272320; license2:0f5ea97fe46912424957766cf17b7b56845fa44b]
[9:19:14 PM] [wFTky#11] Ghost: enabled noclip
[9:19:17 PM] [wFTky#11] Ghost: became mortal (standard mode)
[9:20:45 PM] [wFTky#14] cthaynison: joined with identifiers [steam:110000134a9e336; license:37ab1e70598aaeed35877f7ad11bec9e193a12ee; xbl:2535446537622485; live:1829578843476666; discord:302921790185799682; license2:37ab1e70598aaeed35877f7ad11bec9e193a12ee]
[9:21:51 PM] [wFTky#14] cthaynison: disconnected (Exiting)
[9:23:02 PM] [wFTky#15] cthaynison: joined with identifiers [steam:110000134a9e336; license:37ab1e70598aaeed35877f7ad11bec9e193a12ee; xbl:2535446537622485; live:1829578843476666; discord:302921790185799682; license2:37ab1e70598aaeed35877f7ad11bec9e193a12ee]
[9:25:45 PM] [wFTky#7] *verdadeirapinacosta$: disconnected (Server->client connection timed out. Last seen 47647 msec ago.)
[9:26:38 PM] [wFTky#11] Ghost: said "/roupas"
[9:27:04 PM] [wFTky#16] lindodoris4: joined with identifiers [steam:11000014d9ad9d9; license:5468d2960e4a6c3174fb8715a39f24c5a4e98dd0; xbl:2535423972614197; live:844428563009869; fivem:5954075; license2:5468d2960e4a6c3174fb8715a39f24c5a4e98dd0]
[9:28:08 PM] [wFTky#15] cthaynison: said "/-73.1,-2003.71,18.28,166.28"
[9:30:52 PM] [wFTky#15] cthaynison: disconnected (Couldn't load resource vrp_garages: Couldn't load resource vrp_garages from resources:/vrp_garages/:)
[9:30:52 PM] [wFTky#13] Wvzin777: disconnected (Couldn't load resource vrp_garages: Couldn't load resource vrp_garages from resources:/vrp_garages/:)
[9:30:52 PM] [wFTky#16] lindodoris4: disconnected (Couldn't load resource vrp_garages: Couldn't load resource vrp_garages from resources:/vrp_garages/:)
[9:30:52 PM] [wFTky#10] LiPe21XT: disconnected (Couldn't load resource vrp_garages: Couldn't load resource vrp_garages from resources:/vrp_garages/:)
[9:30:58 PM] [wFTky#11] Ghost: disconnected (Couldn't load resource vrp_garages: Couldn't load resource vrp_garages from resources:/vrp_garages/:)
[9:32:09 PM] txAdmin: Logger started
[9:33:12 PM] [EATbP#1] lindodoris4: joined with identifiers [steam:11000014d9ad9d9; license:5468d2960e4a6c3174fb8715a39f24c5a4e98dd0; xbl:2535423972614197; live:844428563009869; fivem:5954075; license2:5468d2960e4a6c3174fb8715a39f24c5a4e98dd0]
[9:33:41 PM] [EATbP#2] LiPe21XT: joined with identifiers [steam:110000146afc5bb; license:6b139dab0069abedda6ecf03207c45c133a719bb; xbl:2535435738180057; live:1055519018240871; discord:678710663497121832; fivem:2452155; license2:6b139dab0069abedda6ecf03207c45c133a719bb]
[9:33:45 PM] [EATbP#1] lindodoris4: disconnected (Server shutting down: Server restarting (ghost_dev).)
[9:33:45 PM] [EATbP#2] LiPe21XT: disconnected (Server shutting down: Server restarting (ghost_dev).)
[9:34:03 PM] txAdmin: Logger started
[9:35:36 PM] [gKFiy#1] LiPe21XT: joined with identifiers [steam:110000146afc5bb; license:6b139dab0069abedda6ecf03207c45c133a719bb; xbl:2535435738180057; live:1055519018240871; discord:678710663497121832; fivem:2452155; license2:6b139dab0069abedda6ecf03207c45c133a719bb]
[9:36:39 PM] [gKFiy#2] cthaynison: joined with identifiers [steam:110000134a9e336; license:37ab1e70598aaeed35877f7ad11bec9e193a12ee; xbl:2535446537622485; live:1829578843476666; discord:302921790185799682; license2:37ab1e70598aaeed35877f7ad11bec9e193a12ee]
[9:37:33 PM] [gKFiy#3] Wvzin777: joined with identifiers [steam:110000136d8a462; license:2a717c776a0eabaece1db26314f8a213ac04fb12; xbl:2535432170106038; live:914798660334927; discord:516796503449272320; license2:0f5ea97fe46912424957766cf17b7b56845fa44b]
[9:38:46 PM] [gKFiy#4] lindodoris4: joined with identifiers [steam:11000014d9ad9d9; license:5468d2960e4a6c3174fb8715a39f24c5a4e98dd0; xbl:2535423972614197; live:844428563009869; fivem:5954075; license2:5468d2960e4a6c3174fb8715a39f24c5a4e98dd0]
[9:40:07 PM] [gKFiy#2] cthaynison: said "/ckear"
[9:40:46 PM] [gKFiy#3] Wvzin777: said "/nc]"
[9:43:29 PM] [gKFiy#1] LiPe21XT: disconnected (Exiting)
[9:45:51 PM] [gKFiy#4] lindodoris4: said "/sexo 5"
[9:50:31 PM] [gKFiy#3] Wvzin777: said "/p1"
[9:52:06 PM] [gKFiy#5] julhio86: joined with identifiers [steam:11000014aa469f7; license:7d7dc127d9707b69d90a426977b31ca0f2cca752; xbl:2535458497752501; live:914801526910830; discord:800546158341652503; license2:7d7dc127d9707b69d90a426977b31ca0f2cca752]
[9:53:52 PM] [gKFiy#5] julhio86: disconnected (Exiting)
[9:55:29 PM] [gKFiy#2] cthaynison: said "/anuncio"
[10:04:30 PM] [gKFiy#2] cthaynison: said "/uncuff"
[10:05:56 PM] [gKFiy#6] varellafps7: joined with identifiers [steam:11000014797f42a; license:b64226cdcec0bb28b375c2305e0e7afe567f0858; discord:483484544293666818; license2:b64226cdcec0bb28b375c2305e0e7afe567f0858]
[10:10:49 PM] [gKFiy#6] varellafps7: said "/roupas pelado"
[10:15:38 PM] [gKFiy#2] cthaynison: said "/clea"
[10:25:08 PM] [gKFiy#3] Wvzin777: disconnected (Exiting)
[10:30:40 PM] [gKFiy#6] varellafps7: said "/sexo1"
[10:30:42 PM] [gKFiy#6] varellafps7: said "/x1"
[10:30:44 PM] [gKFiy#6] varellafps7: said "/x 1"
[10:31:30 PM] [gKFiy#4] lindodoris4: disconnected (Exiting)
[10:31:34 PM] [gKFiy#6] varellafps7: disconnected (Exiting)
[10:46:47 PM] [gKFiy#2] cthaynison: said "/ckear"
[10:49:13 PM] [gKFiy#2] cthaynison: said "/carcollor"
[10:49:19 PM] [gKFiy#2] cthaynison: said "/carcolor"
[10:51:24 PM] [gKFiy#2] cthaynison: said "/gpd"
[11:08:13 PM] [gKFiy#2] cthaynison: said "/clea"
