
================================================================
======== Log Rotated - 6/21/2022, 12:00:00 AM                   
================================================================
[12:03:30 AM] txAdmin: Logger started
[12:04:04 AM] [GNaHc#1] Ghost: joined with identifiers [steam:11000010b55307f; license:fdc00e8eae2c1c097946e8882e5a0266f8dd0abb; xbl:2533275021692626; live:844428383880324; discord:591796209417715713; license2:2c62392f6274d372bfc9ef73a38764e4bce8a59f]
[12:06:28 AM] [GNaHc#1] Ghost: disconnected (Exiting)
[12:07:13 AM] txAdmin: Logger started
[12:08:12 AM] [N486j#1] Ghost: joined with identifiers [steam:11000010b55307f; license:fdc00e8eae2c1c097946e8882e5a0266f8dd0abb; xbl:2533275021692626; live:844428383880324; discord:591796209417715713; license2:2c62392f6274d372bfc9ef73a38764e4bce8a59f]
[12:10:48 AM] [N486j#1] Ghost: disconnected (Exiting)
[12:12:08 AM] txAdmin: Logger started
[12:13:14 AM] [9KCW6#1] Ghost: joined with identifiers [steam:11000010b55307f; license:fdc00e8eae2c1c097946e8882e5a0266f8dd0abb; xbl:2533275021692626; live:844428383880324; discord:591796209417715713; license2:2c62392f6274d372bfc9ef73a38764e4bce8a59f]
[12:16:04 AM] [9KCW6#1] Ghost: disconnected (Exiting)
[12:16:54 AM] txAdmin: Logger started
[12:27:00 AM] txAdmin: Logger started
[12:29:49 AM] [bEVMt#1] Ghost: joined with identifiers [steam:11000010b55307f; license:fdc00e8eae2c1c097946e8882e5a0266f8dd0abb; xbl:2533275021692626; live:844428383880324; discord:591796209417715713; license2:2c62392f6274d372bfc9ef73a38764e4bce8a59f]
[12:32:01 AM] [bEVMt#1] Ghost: said "/cn"
[12:45:00 AM] [bEVMt#1] Ghost: disconnected (O jogo crashou: GTA5_b2612.exe!sub_14091FBF4 (0x33))
[12:46:43 AM] [bEVMt#2] Ghost: joined with identifiers [steam:11000010b55307f; license:fdc00e8eae2c1c097946e8882e5a0266f8dd0abb; xbl:2533275021692626; live:844428383880324; discord:591796209417715713; license2:2c62392f6274d372bfc9ef73a38764e4bce8a59f]
[12:49:30 AM] [bEVMt#2] Ghost: disconnected (O jogo crashou: ntdll.dll!RtlpLowFragHeapAllocFromContext (0x1c8))
[12:53:03 AM] txAdmin: Logger started
[12:55:04 AM] [9ALHG#1] Ghost: joined with identifiers [steam:11000010b55307f; license:fdc00e8eae2c1c097946e8882e5a0266f8dd0abb; xbl:2533275021692626; live:844428383880324; discord:591796209417715713; license2:2c62392f6274d372bfc9ef73a38764e4bce8a59f]
[12:57:01 AM] [9ALHG#2] julhio86: joined with identifiers [steam:11000014aa469f7; license:7d7dc127d9707b69d90a426977b31ca0f2cca752; xbl:2535458497752501; live:914801526910830; discord:800546158341652503; license2:7d7dc127d9707b69d90a426977b31ca0f2cca752]
[1:04:31 AM] [9ALHG#1] Ghost: disconnected (O jogo crashou: ntdll.dll!RtlpAllocateHeapInternal (0x12))
[1:05:20 AM] [9ALHG#3] cthaynison: joined with identifiers [steam:110000134a9e336; license:37ab1e70598aaeed35877f7ad11bec9e193a12ee; xbl:2535446537622485; live:1829578843476666; discord:302921790185799682; license2:37ab1e70598aaeed35877f7ad11bec9e193a12ee]
[1:06:07 AM] [9ALHG#2] julhio86: disconnected (Game crashed: ntdll.dll!RtlpLowFragHeapAllocFromContext (0x4a))
[1:06:50 AM] [9ALHG#4] julhio86: joined with identifiers [steam:11000014aa469f7; license:7d7dc127d9707b69d90a426977b31ca0f2cca752; xbl:2535458497752501; live:914801526910830; discord:800546158341652503; license2:7d7dc127d9707b69d90a426977b31ca0f2cca752]
[1:10:39 AM] [9ALHG#5] Fuzo: joined with identifiers [steam:110000140ba8649; license:631096a80602c7072f7791941957e8019fcb7e43; discord:804126435828695050; license2:631096a80602c7072f7791941957e8019fcb7e43]
[1:13:15 AM] txAdmin: Logger started
[1:14:30 AM] [jc8WP#1] Ghost: joined with identifiers [steam:11000010b55307f; license:fdc00e8eae2c1c097946e8882e5a0266f8dd0abb; xbl:2533275021692626; live:844428383880324; discord:591796209417715713; license2:2c62392f6274d372bfc9ef73a38764e4bce8a59f]
[1:15:04 AM] [jc8WP#2] julhio86: joined with identifiers [steam:11000014aa469f7; license:7d7dc127d9707b69d90a426977b31ca0f2cca752; xbl:2535458497752501; live:914801526910830; discord:800546158341652503; license2:7d7dc127d9707b69d90a426977b31ca0f2cca752]
[1:15:06 AM] [jc8WP#3] cthaynison: joined with identifiers [steam:110000134a9e336; license:37ab1e70598aaeed35877f7ad11bec9e193a12ee; xbl:2535446537622485; live:1829578843476666; discord:302921790185799682; license2:37ab1e70598aaeed35877f7ad11bec9e193a12ee]
[1:15:12 AM] [jc8WP#4] Fuzo: joined with identifiers [steam:110000140ba8649; license:631096a80602c7072f7791941957e8019fcb7e43; discord:804126435828695050; license2:631096a80602c7072f7791941957e8019fcb7e43]
[1:27:56 AM] [jc8WP#1] Ghost: disconnected (O jogo crashou: d3d11.dll!??$TID3D11DeviceContext_SetShaderResources_@$00$03@CContext@@SAXPEAUID3D11DeviceContext5@@IIPEBQEAUID3D11ShaderResourceView@@@Z (0x13c))
[1:27:57 AM] [jc8WP#4] Fuzo: disconnected (Exiting)
[1:33:27 AM] [jc8WP#3] cthaynison: disconnected (Exiting)
[1:33:46 AM] txAdmin: Logger started
[1:35:50 AM] [KckQx#1] cthaynison: joined with identifiers [steam:110000134a9e336; license:37ab1e70598aaeed35877f7ad11bec9e193a12ee; xbl:2535446537622485; live:1829578843476666; discord:302921790185799682; license2:37ab1e70598aaeed35877f7ad11bec9e193a12ee]
[1:37:54 AM] [KckQx#1] cthaynison: said "/roupas 1"
[1:37:58 AM] [KckQx#1] cthaynison: said "/roupas cacador"
[1:39:24 AM] [KckQx#2] Ghost: joined with identifiers [steam:11000010b55307f; license:fdc00e8eae2c1c097946e8882e5a0266f8dd0abb; xbl:2533275021692626; live:844428383880324; discord:591796209417715713; license2:2c62392f6274d372bfc9ef73a38764e4bce8a59f]
[1:40:52 AM] [KckQx#1] cthaynison: said "/cd"
[1:41:19 AM] [KckQx#3] julhio86: joined with identifiers [steam:11000014aa469f7; license:7d7dc127d9707b69d90a426977b31ca0f2cca752; xbl:2535458497752501; live:914801526910830; discord:800546158341652503; license2:7d7dc127d9707b69d90a426977b31ca0f2cca752]
[1:43:45 AM] [KckQx#1] cthaynison: said "/273.96,-586.31,42.53ds"
[1:46:47 AM] [KckQx#3] julhio86: disconnected (Exiting)
[1:47:18 AM] [KckQx#4] julhio86: joined with identifiers [steam:11000014aa469f7; license:7d7dc127d9707b69d90a426977b31ca0f2cca752; xbl:2535458497752501; live:914801526910830; discord:800546158341652503; license2:7d7dc127d9707b69d90a426977b31ca0f2cca752]
[1:49:28 AM] [KckQx#1] cthaynison: said "/-1301.81,230.47,58.23,98.33"
[1:49:54 AM] [KckQx#1] cthaynison: said "/cd"
[1:51:11 AM] [KckQx#2] Ghost: said "/limpainv 1"
[1:52:41 AM] [KckQx#1] cthaynison: said "/cd"
[1:58:01 AM] [KckQx#1] cthaynison: said "/scds"
[1:59:23 AM] [KckQx#1] cthaynison: said "/cd"
[2:00:56 AM] [KckQx#1] cthaynison: said "/vdv"
[2:04:25 AM] [KckQx#1] cthaynison: said "/v"
[2:10:55 AM] [KckQx#1] cthaynison: said "/tpcd"
[2:12:45 AM] [KckQx#1] cthaynison: said "/restartvrp_hunting"
[2:17:49 AM] [KckQx#1] cthaynison: said "/cs"
[2:23:20 AM] [KckQx#4] julhio86: died from suicide
[2:23:23 AM] [KckQx#4] julhio86: died from suicide
[2:23:31 AM] [KckQx#4] julhio86: died from suicide
[2:23:33 AM] [KckQx#4] julhio86: died from suicide
[2:23:34 AM] [KckQx#4] julhio86: died from suicide
[2:23:39 AM] [KckQx#4] julhio86: died from suicide
[2:26:28 AM] [KckQx#2] Ghost: died from Pistol Mk2 by cthaynison
[2:31:11 AM] [KckQx#4] julhio86: said "/cn"
[2:31:13 AM] [KckQx#2] Ghost: disconnected (Exiting)
[2:31:23 AM] [KckQx#1] cthaynison: said "/n"
[2:38:37 AM] [KckQx#4] julhio86: said "/v"
[2:39:39 AM] [KckQx#4] julhio86: died from suicide
[2:39:40 AM] [KckQx#4] julhio86: died from suicide
[2:39:47 AM] [KckQx#4] julhio86: died from suicide
[2:39:51 AM] [KckQx#5] Ghost: joined with identifiers [steam:11000010b55307f; license:fdc00e8eae2c1c097946e8882e5a0266f8dd0abb; xbl:2533275021692626; live:844428383880324; discord:591796209417715713; fivem:3399354; license2:2c62392f6274d372bfc9ef73a38764e4bce8a59f]
[2:39:52 AM] [KckQx#4] julhio86: died from suicide
[2:39:53 AM] [KckQx#4] julhio86: died from suicide
[2:41:25 AM] [KckQx#4] julhio86: died from suicide
[2:41:29 AM] [KckQx#4] julhio86: died from suicide
[2:41:32 AM] [KckQx#4] julhio86: died from suicide
[2:41:33 AM] [KckQx#4] julhio86: died from suicide
[2:41:33 AM] [KckQx#4] julhio86: said "/go"
[2:41:35 AM] [KckQx#4] julhio86: said "/gog"
[2:41:37 AM] [KckQx#4] julhio86: died from suicide
[2:41:44 AM] [KckQx#5] Ghost: enabled noclip
[2:41:45 AM] [KckQx#5] Ghost: became mortal (standard mode)
[2:41:57 AM] [KckQx#5] Ghost: teleported to player [??] unknown (x=-548.505, y=-934.088, z=29.263)
[2:42:27 AM] [KckQx#5] Ghost: enabled noclip
[2:42:31 AM] [KckQx#5] Ghost: became mortal (standard mode)
[2:42:51 AM] [KckQx#4] julhio86: said "/tug"
[2:43:10 AM] [KckQx#5] Ghost: enabled noclip
[2:43:13 AM] [KckQx#5] Ghost: became mortal (standard mode)
[2:43:33 AM] [KckQx#5] Ghost: triggered drunk effect on [#1] cthaynison
[2:44:00 AM] [KckQx#5] Ghost: enabled noclip
[2:44:02 AM] [KckQx#5] Ghost: became mortal (standard mode)
[2:44:16 AM] [KckQx#5] Ghost: set [#1] cthaynison on fire
[2:44:16 AM] [KckQx#5] Ghost: set [#1] cthaynison on fire
[2:44:16 AM] [KckQx#5] Ghost: set [#1] cthaynison on fire
[2:44:16 AM] [KckQx#5] Ghost: set [#1] cthaynison on fire
[2:44:16 AM] [KckQx#5] Ghost: set [#1] cthaynison on fire
[2:44:16 AM] [KckQx#5] Ghost: set [#1] cthaynison on fire
[2:44:16 AM] [KckQx#5] Ghost: set [#1] cthaynison on fire
[2:44:17 AM] [KckQx#5] Ghost: set [#1] cthaynison on fire
[2:44:17 AM] [KckQx#5] Ghost: set [#1] cthaynison on fire
[2:44:17 AM] [KckQx#5] Ghost: set [#1] cthaynison on fire
[2:44:17 AM] [KckQx#5] Ghost: set [#1] cthaynison on fire
[2:44:17 AM] [KckQx#5] Ghost: set [#1] cthaynison on fire
[2:44:17 AM] [KckQx#5] Ghost: set [#1] cthaynison on fire
[2:44:17 AM] [KckQx#5] Ghost: set [#1] cthaynison on fire
[2:44:17 AM] [KckQx#5] Ghost: set [#1] cthaynison on fire
[2:44:18 AM] [KckQx#5] Ghost: set [#1] cthaynison on fire
[2:44:18 AM] [KckQx#5] Ghost: set [#1] cthaynison on fire
[2:44:18 AM] [KckQx#5] Ghost: set [#1] cthaynison on fire
[2:44:18 AM] [KckQx#5] Ghost: set [#1] cthaynison on fire
[2:44:18 AM] [KckQx#5] Ghost: set [#1] cthaynison on fire
[2:44:18 AM] [KckQx#5] Ghost: set [#1] cthaynison on fire
[2:44:18 AM] [KckQx#5] Ghost: set [#1] cthaynison on fire
[2:44:35 AM] [KckQx#5] Ghost: set [#4] julhio86 on fire
[2:44:35 AM] [KckQx#5] Ghost: set [#4] julhio86 on fire
[2:44:35 AM] [KckQx#5] Ghost: set [#4] julhio86 on fire
[2:44:35 AM] [KckQx#5] Ghost: set [#4] julhio86 on fire
[2:44:35 AM] [KckQx#5] Ghost: set [#4] julhio86 on fire
[2:44:35 AM] [KckQx#5] Ghost: set [#4] julhio86 on fire
[2:44:35 AM] [KckQx#5] Ghost: set [#4] julhio86 on fire
[2:44:36 AM] [KckQx#5] Ghost: set [#4] julhio86 on fire
[2:44:36 AM] [KckQx#5] Ghost: set [#4] julhio86 on fire
[2:44:36 AM] [KckQx#5] Ghost: set [#4] julhio86 on fire
[2:44:36 AM] [KckQx#5] Ghost: set [#4] julhio86 on fire
[2:44:36 AM] [KckQx#5] Ghost: set [#4] julhio86 on fire
[2:44:36 AM] [KckQx#5] Ghost: set [#4] julhio86 on fire
[2:44:55 AM] [KckQx#5] Ghost: set [#1] cthaynison on fire
[2:44:55 AM] [KckQx#5] Ghost: set [#1] cthaynison on fire
[2:44:55 AM] [KckQx#5] Ghost: set [#1] cthaynison on fire
[2:44:56 AM] [KckQx#5] Ghost: set [#1] cthaynison on fire
[2:44:56 AM] [KckQx#5] Ghost: set [#1] cthaynison on fire
[2:44:56 AM] [KckQx#5] Ghost: set [#1] cthaynison on fire
[2:44:56 AM] [KckQx#5] Ghost: set [#1] cthaynison on fire
[2:44:56 AM] [KckQx#5] Ghost: set [#1] cthaynison on fire
[2:44:56 AM] [KckQx#5] Ghost: set [#1] cthaynison on fire
[2:44:56 AM] [KckQx#5] Ghost: set [#1] cthaynison on fire
[2:44:57 AM] [KckQx#5] Ghost: set [#1] cthaynison on fire
[2:44:57 AM] [KckQx#5] Ghost: set [#1] cthaynison on fire
[2:44:57 AM] [KckQx#5] Ghost: set [#1] cthaynison on fire
[2:44:57 AM] [KckQx#5] Ghost: set [#1] cthaynison on fire
[2:44:57 AM] [KckQx#5] Ghost: set [#1] cthaynison on fire
[2:44:57 AM] [KckQx#5] Ghost: set [#1] cthaynison on fire
[2:44:57 AM] [KckQx#5] Ghost: set [#1] cthaynison on fire
[2:44:58 AM] [KckQx#5] Ghost: set [#1] cthaynison on fire
[2:44:58 AM] [KckQx#5] Ghost: set [#1] cthaynison on fire
[2:44:58 AM] [KckQx#5] Ghost: set [#1] cthaynison on fire
[2:44:58 AM] [KckQx#5] Ghost: set [#1] cthaynison on fire
[2:44:58 AM] [KckQx#5] Ghost: set [#1] cthaynison on fire
[2:44:58 AM] [KckQx#5] Ghost: set [#1] cthaynison on fire
[2:44:58 AM] [KckQx#5] Ghost: set [#1] cthaynison on fire
[2:44:59 AM] [KckQx#5] Ghost: set [#1] cthaynison on fire
[2:44:59 AM] [KckQx#5] Ghost: set [#1] cthaynison on fire
[2:44:59 AM] [KckQx#5] Ghost: set [#1] cthaynison on fire
[2:44:59 AM] [KckQx#5] Ghost: set [#1] cthaynison on fire
[2:44:59 AM] [KckQx#5] Ghost: set [#1] cthaynison on fire
[2:44:59 AM] [KckQx#5] Ghost: set [#1] cthaynison on fire
[2:44:59 AM] [KckQx#5] Ghost: set [#1] cthaynison on fire
[2:44:59 AM] [KckQx#5] Ghost: set [#1] cthaynison on fire
[2:45:00 AM] [KckQx#5] Ghost: set [#1] cthaynison on fire
[2:45:00 AM] [KckQx#5] Ghost: set [#1] cthaynison on fire
[2:45:00 AM] [KckQx#5] Ghost: set [#1] cthaynison on fire
[2:45:00 AM] [KckQx#5] Ghost: set [#1] cthaynison on fire
[2:45:00 AM] [KckQx#5] Ghost: set [#1] cthaynison on fire
[2:45:00 AM] [KckQx#5] Ghost: set [#1] cthaynison on fire
[2:45:00 AM] [KckQx#5] Ghost: set [#1] cthaynison on fire
[2:45:02 AM] [KckQx#5] Ghost: set [#1] cthaynison on fire
[2:45:02 AM] [KckQx#5] Ghost: set [#1] cthaynison on fire
[2:45:02 AM] [KckQx#5] Ghost: set [#1] cthaynison on fire
[2:45:02 AM] [KckQx#5] Ghost: set [#1] cthaynison on fire
[2:45:02 AM] [KckQx#5] Ghost: set [#1] cthaynison on fire
[2:45:02 AM] [KckQx#5] Ghost: set [#1] cthaynison on fire
[2:45:03 AM] [KckQx#5] Ghost: started spectating player [#1] cthaynison
[2:45:23 AM] [KckQx#5] Ghost: healed player [#1] cthaynison
[2:45:53 AM] [KckQx#5] Ghost: started spectating player [#4] julhio86
[2:45:57 AM] [KckQx#5] Ghost: started spectating player [#4] julhio86
[2:46:03 AM] [KckQx#5] Ghost: set [#4] julhio86 on fire
[2:46:10 AM] [KckQx#5] Ghost: set [#4] julhio86 on fire
[2:46:27 AM] [KckQx#5] Ghost: started spectating player [#1] cthaynison
[2:46:33 AM] [KckQx#5] Ghost: toggled freeze on player [#1] cthaynison
[2:46:43 AM] [KckQx#5] Ghost: toggled freeze on player [#1] cthaynison
[2:46:48 AM] [KckQx#5] Ghost: triggered wild attack on [#1] cthaynison
[2:46:48 AM] [KckQx#5] Ghost: triggered wild attack on [#1] cthaynison
[2:46:48 AM] [KckQx#5] Ghost: triggered wild attack on [#1] cthaynison
[2:46:48 AM] [KckQx#5] Ghost: triggered wild attack on [#1] cthaynison
[2:46:48 AM] [KckQx#5] Ghost: triggered wild attack on [#1] cthaynison
[2:46:48 AM] [KckQx#5] Ghost: triggered wild attack on [#1] cthaynison
[2:46:48 AM] [KckQx#5] Ghost: triggered wild attack on [#1] cthaynison
[2:46:49 AM] [KckQx#5] Ghost: triggered wild attack on [#1] cthaynison
[2:46:49 AM] [KckQx#5] Ghost: triggered wild attack on [#1] cthaynison
[2:46:49 AM] [KckQx#5] Ghost: triggered wild attack on [#1] cthaynison
[2:46:49 AM] [KckQx#5] Ghost: triggered wild attack on [#1] cthaynison
[2:46:49 AM] [KckQx#5] Ghost: triggered wild attack on [#1] cthaynison
[2:46:49 AM] [KckQx#5] Ghost: triggered wild attack on [#1] cthaynison
[2:46:49 AM] [KckQx#5] Ghost: triggered wild attack on [#1] cthaynison
[2:46:49 AM] [KckQx#5] Ghost: triggered wild attack on [#1] cthaynison
[2:46:50 AM] [KckQx#5] Ghost: triggered wild attack on [#1] cthaynison
[2:46:50 AM] [KckQx#5] Ghost: triggered wild attack on [#1] cthaynison
[2:46:50 AM] [KckQx#5] Ghost: triggered wild attack on [#1] cthaynison
[2:46:50 AM] [KckQx#5] Ghost: triggered wild attack on [#1] cthaynison
[2:46:50 AM] [KckQx#5] Ghost: triggered wild attack on [#1] cthaynison
[2:46:50 AM] [KckQx#5] Ghost: triggered wild attack on [#1] cthaynison
[2:46:50 AM] [KckQx#5] Ghost: triggered wild attack on [#1] cthaynison
[2:46:51 AM] [KckQx#5] Ghost: triggered wild attack on [#1] cthaynison
[2:46:51 AM] [KckQx#5] Ghost: triggered wild attack on [#1] cthaynison
[2:46:51 AM] [KckQx#5] Ghost: triggered wild attack on [#1] cthaynison
[2:46:51 AM] [KckQx#5] Ghost: triggered wild attack on [#1] cthaynison
[2:46:51 AM] [KckQx#5] Ghost: triggered wild attack on [#1] cthaynison
[2:47:20 AM] [KckQx#5] Ghost: set [#4] julhio86 on fire
[2:47:25 AM] [KckQx#4] julhio86: said "/d"
[2:47:31 AM] [KckQx#5] Ghost: cleared an area with 300m radius
[2:47:36 AM] [KckQx#5] Ghost: enabled noclip
[2:47:39 AM] [KckQx#5] Ghost: enabled god mode
[2:49:09 AM] [KckQx#4] julhio86: disconnected (Exiting)
[2:49:49 AM] [KckQx#1] cthaynison: said "/qui"
[2:49:51 AM] [KckQx#1] cthaynison: said "/qui"
[2:49:52 AM] [KckQx#1] cthaynison: disconnected (Exiting)
[2:50:58 AM] [KckQx#5] Ghost: enabled noclip
[2:50:58 AM] [KckQx#5] Ghost: became mortal (standard mode)
[2:51:01 AM] [KckQx#5] Ghost: became mortal (standard mode)
[2:52:00 AM] [KckQx#5] Ghost: said "/v"
[2:52:57 AM] [KckQx#5] Ghost: disconnected (Exiting)

================================================================
======== txAdmin Starting - 6/21/2022, 11:15:01 AM              
================================================================
[11:16:58 AM] txAdmin: Logger started
[4:15:03 PM] [FDBW8#1] julhio86: joined with identifiers [steam:11000014aa469f7; license:7d7dc127d9707b69d90a426977b31ca0f2cca752; xbl:2535458497752501; live:914801526910830; discord:800546158341652503; license2:7d7dc127d9707b69d90a426977b31ca0f2cca752]
[4:44:16 PM] [FDBW8#1] julhio86: said "/v"
[4:44:21 PM] [FDBW8#1] julhio86: disconnected (Exiting)
[8:50:08 PM] [FDBW8#2] julhio86: joined with identifiers [steam:11000014aa469f7; license:7d7dc127d9707b69d90a426977b31ca0f2cca752; xbl:2535458497752501; live:914801526910830; discord:800546158341652503; license2:7d7dc127d9707b69d90a426977b31ca0f2cca752]
[9:04:54 PM] [FDBW8#3] Ghost: joined with identifiers [steam:11000010b55307f; license:fdc00e8eae2c1c097946e8882e5a0266f8dd0abb; xbl:2533275021692626; live:844428383880324; discord:591796209417715713; fivem:3399354; license2:2c62392f6274d372bfc9ef73a38764e4bce8a59f]
[9:25:30 PM] [FDBW8#2] julhio86: said "/v"
[9:31:20 PM] [FDBW8#4] cthaynison: joined with identifiers [steam:110000134a9e336; license:37ab1e70598aaeed35877f7ad11bec9e193a12ee; xbl:2535446537622485; live:1829578843476666; discord:302921790185799682; license2:37ab1e70598aaeed35877f7ad11bec9e193a12ee]
[9:32:49 PM] [FDBW8#3] Ghost: died from Ranover by Vehicle by julhio86
[9:33:35 PM] [FDBW8#5] LiPe21XT: joined with identifiers [steam:110000146afc5bb; license:6b139dab0069abedda6ecf03207c45c133a719bb; xbl:2535435738180057; live:1055519018240871; discord:678710663497121832; fivem:2452155; license2:6b139dab0069abedda6ecf03207c45c133a719bb]
[9:36:30 PM] [FDBW8#3] Ghost: said "/fi"
[9:39:33 PM] [FDBW8#3] Ghost: said "/d"
[9:41:13 PM] [FDBW8#6] Wvzin777: joined with identifiers [steam:110000136d8a462; license:2a717c776a0eabaece1db26314f8a213ac04fb12; xbl:2535432170106038; live:914798660334927; discord:516796503449272320; license2:0f5ea97fe46912424957766cf17b7b56845fa44b]
[9:44:52 PM] [FDBW8#3] Ghost: disconnected (Exiting)
[9:49:29 PM] [FDBW8#5] LiPe21XT: disconnected (Exiting)
[9:58:35 PM] [FDBW8#7] Ghost: joined with identifiers [steam:11000010b55307f; license:fdc00e8eae2c1c097946e8882e5a0266f8dd0abb; xbl:2533275021692626; live:844428383880324; discord:591796209417715713; fivem:3399354; license2:2c62392f6274d372bfc9ef73a38764e4bce8a59f]
[9:58:47 PM] [FDBW8#6] Wvzin777: said "/skyliner34"
[10:00:04 PM] [FDBW8#6] Wvzin777: said "/fiz"
[10:00:09 PM] [FDBW8#2] julhio86: said "/cn"
[10:01:27 PM] [FDBW8#6] Wvzin777: disconnected (Exiting)
[10:14:04 PM] [FDBW8#2] julhio86: said "/v"
[10:14:49 PM] [FDBW8#7] Ghost: disconnected (Exiting)
[10:25:01 PM] [FDBW8#2] julhio86: disconnected (Couldn't load resource vrp_drivernorte: Couldn't load resource vrp_drivernorte from resources:/vrp_d)
[10:25:01 PM] [FDBW8#4] cthaynison: disconnected (Couldn't load resource vrp_drivernorte: Couldn't load resource vrp_drivernorte from resources:/vrp_d)
[10:25:29 PM] txAdmin: Logger started
[10:36:58 PM] [wTnTg#1] cthaynison: joined with identifiers [steam:110000134a9e336; license:37ab1e70598aaeed35877f7ad11bec9e193a12ee; xbl:2535446537622485; live:1829578843476666; discord:302921790185799682; license2:37ab1e70598aaeed35877f7ad11bec9e193a12ee]
[10:39:19 PM] [wTnTg#1] cthaynison: said "/og"
[10:39:26 PM] [wTnTg#1] cthaynison: said "/godsnc"
[10:40:15 PM] [wTnTg#1] cthaynison: said "/clar"
[10:41:25 PM] txAdmin: Logger started
[10:46:48 PM] txAdmin: Logger started
[10:49:43 PM] txAdmin: Logger started
[10:50:09 PM] [ehWQ7#1] Ghost: joined with identifiers [steam:11000010b55307f; license:fdc00e8eae2c1c097946e8882e5a0266f8dd0abb; xbl:2533275021692626; live:844428383880324; discord:591796209417715713; fivem:3399354; license2:2c62392f6274d372bfc9ef73a38764e4bce8a59f]
[10:50:55 PM] [ehWQ7#2] julhio86: joined with identifiers [steam:11000014aa469f7; license:7d7dc127d9707b69d90a426977b31ca0f2cca752; xbl:2535458497752501; live:914801526910830; discord:800546158341652503; license2:7d7dc127d9707b69d90a426977b31ca0f2cca752]
[10:54:03 PM] [ehWQ7#1] Ghost: disconnected (Exiting)
[11:03:36 PM] txAdmin: Logger started
[11:04:10 PM] [67xMC#1] Ghost: joined with identifiers [steam:11000010b55307f; license:fdc00e8eae2c1c097946e8882e5a0266f8dd0abb; xbl:2533275021692626; live:844428383880324; discord:591796209417715713; fivem:3399354; license2:2c62392f6274d372bfc9ef73a38764e4bce8a59f]
[11:05:39 PM] [67xMC#1] Ghost: disconnected (Server shutting down: Server restarting (ghost_dev).)
[11:05:52 PM] txAdmin: Logger started
[11:06:54 PM] [YXJGr#1] Ghost: joined with identifiers [steam:11000010b55307f; license:fdc00e8eae2c1c097946e8882e5a0266f8dd0abb; xbl:2533275021692626; live:844428383880324; discord:591796209417715713; fivem:3399354; license2:2c62392f6274d372bfc9ef73a38764e4bce8a59f]
[11:07:42 PM] [YXJGr#2] cthaynison: joined with identifiers [steam:110000134a9e336; license:37ab1e70598aaeed35877f7ad11bec9e193a12ee; xbl:2535446537622485; live:1829578843476666; discord:302921790185799682; license2:37ab1e70598aaeed35877f7ad11bec9e193a12ee]
[11:09:27 PM] [YXJGr#2] cthaynison: disconnected (Exiting)
[11:09:27 PM] [YXJGr#1] Ghost: disconnected (Exiting)
[11:12:33 PM] txAdmin: Logger started
[11:20:20 PM] [Xh6tC#1] DUDUZINHO: joined with identifiers [steam:11000014946ec53; license:fb50be209f2ab262db0f1e114cc5c4e5db50f3f1; live:985154902174759; discord:742345815183589488; fivem:6316111; license2:4d26fc8bfbde33e25b3eab5f065f552af6e8228f]
[11:20:41 PM] [Xh6tC#1] DUDUZINHO: said "/fps on"
[11:24:58 PM] [Xh6tC#2] Ghost: joined with identifiers [steam:11000010b55307f; license:fdc00e8eae2c1c097946e8882e5a0266f8dd0abb; xbl:2533275021692626; live:844428383880324; discord:591796209417715713; fivem:3399354; license2:2c62392f6274d372bfc9ef73a38764e4bce8a59f]
[11:28:23 PM] [Xh6tC#2] Ghost: started spectating player [#1] DUDUZINHO
[11:29:50 PM] [Xh6tC#2] Ghost: started spectating player [#1] DUDUZINHO
[11:29:54 PM] [Xh6tC#2] Ghost: started spectating player [#1] DUDUZINHO
[11:30:17 PM] [Xh6tC#1] DUDUZINHO: said "/status"
[11:30:22 PM] [Xh6tC#1] DUDUZINHO: said "/ptr"
[11:30:26 PM] [Xh6tC#1] DUDUZINHO: said "/cm"
[11:30:29 PM] [Xh6tC#1] DUDUZINHO: said "/icm"
[11:30:32 PM] [Xh6tC#1] DUDUZINHO: said "/mec"
[11:31:38 PM] [Xh6tC#2] Ghost: triggered wild attack on [#1] DUDUZINHO
[11:32:28 PM] [Xh6tC#2] Ghost: enabled noclip
[11:33:05 PM] [Xh6tC#2] Ghost: triggered wild attack on [#1] DUDUZINHO
[11:33:38 PM] [Xh6tC#1] DUDUZINHO: died from suicide
[11:34:27 PM] [Xh6tC#2] Ghost: became mortal (standard mode)
[11:34:28 PM] [Xh6tC#2] Ghost: enabled noclip
[11:34:32 PM] [Xh6tC#2] Ghost: became mortal (standard mode)
[11:34:36 PM] [Xh6tC#2] Ghost: started spectating player [#1] DUDUZINHO
[11:34:58 PM] [Xh6tC#2] Ghost: enabled noclip
[11:34:58 PM] [Xh6tC#2] Ghost: became mortal (standard mode)
[11:35:40 PM] [Xh6tC#2] Ghost: enabled noclip
[11:36:55 PM] [Xh6tC#2] Ghost: became mortal (standard mode)
[11:37:52 PM] [Xh6tC#3] FOX: joined with identifiers [steam:110000105e2f9c2; license:efa4872bf5e07b0489cfbfbac500b4e2c6acf6f8; discord:944927984878493746; license2:4c68d062edc0e81e687ed2a5887c73616007c122]
[11:39:30 PM] [Xh6tC#4] Guaxxxii: joined with identifiers [steam:110000144b13ac6; license:2528f7cb5e8863a0517a33756cd11ff80bd73215; xbl:2535409404647109; live:914798778337330; discord:780608797102047242; license2:00f370c95ef59660415998e28c0af8a32c9b0c77]
[11:41:53 PM] [Xh6tC#5] julhio86: joined with identifiers [steam:11000014aa469f7; license:7d7dc127d9707b69d90a426977b31ca0f2cca752; xbl:2535458497752501; live:914801526910830; discord:800546158341652503; license2:7d7dc127d9707b69d90a426977b31ca0f2cca752]
[11:45:48 PM] [Xh6tC#3] FOX: said "/bvida"
[11:46:20 PM] [Xh6tC#2] Ghost: said "/fx"
[11:46:40 PM] [Xh6tC#2] Ghost: said "/tunnig"
[11:46:52 PM] [Xh6tC#5] julhio86: disconnected (Exiting)
[11:47:04 PM] [Xh6tC#3] FOX: disconnected (Exiting)
[11:47:16 PM] [Xh6tC#1] DUDUZINHO: disconnected (Exiting)
[11:49:08 PM] [Xh6tC#6] julhio86: joined with identifiers [steam:11000014aa469f7; license:7d7dc127d9707b69d90a426977b31ca0f2cca752; xbl:2535458497752501; live:914801526910830; discord:800546158341652503; license2:7d7dc127d9707b69d90a426977b31ca0f2cca752]
[11:51:31 PM] [Xh6tC#2] Ghost: said "/po"
[11:56:28 PM] [Xh6tC#2] Ghost: disconnected (Exiting)
[11:57:44 PM] [Xh6tC#6] julhio86: said "/v"
[11:57:55 PM] [Xh6tC#6] julhio86: said "/10"
[11:58:32 PM] [Xh6tC#6] julhio86: said "/gog"
